c:\users\wiebe\documents\github\gameengine2d\2dgameengine\2dgameengine\debug\vc141.pdb
c:\users\wiebe\documents\github\gameengine2d\2dgameengine\2dgameengine\debug\vc141.idb
c:\users\wiebe\documents\github\gameengine2d\2dgameengine\2dgameengine\debug\window.obj
c:\users\wiebe\documents\github\gameengine2d\2dgameengine\2dgameengine\debug\timer.obj
c:\users\wiebe\documents\github\gameengine2d\2dgameengine\2dgameengine\debug\tilemaprenderer.obj
c:\users\wiebe\documents\github\gameengine2d\2dgameengine\2dgameengine\debug\tilemap.obj
c:\users\wiebe\documents\github\gameengine2d\2dgameengine\2dgameengine\debug\testscene.obj
c:\users\wiebe\documents\github\gameengine2d\2dgameengine\2dgameengine\debug\spriteatlas.obj
c:\users\wiebe\documents\github\gameengine2d\2dgameengine\2dgameengine\debug\sprite.obj
c:\users\wiebe\documents\github\gameengine2d\2dgameengine\2dgameengine\debug\shader.obj
c:\users\wiebe\documents\github\gameengine2d\2dgameengine\2dgameengine\debug\scenerenderer.obj
c:\users\wiebe\documents\github\gameengine2d\2dgameengine\2dgameengine\debug\sceneobjectmanager.obj
c:\users\wiebe\documents\github\gameengine2d\2dgameengine\2dgameengine\debug\scenemanager.obj
c:\users\wiebe\documents\github\gameengine2d\2dgameengine\2dgameengine\debug\scenecomponent.obj
c:\users\wiebe\documents\github\gameengine2d\2dgameengine\2dgameengine\debug\scene.obj
c:\users\wiebe\documents\github\gameengine2d\2dgameengine\2dgameengine\debug\renderer2d.obj
c:\users\wiebe\documents\github\gameengine2d\2dgameengine\2dgameengine\debug\main.obj
c:\users\wiebe\documents\github\gameengine2d\2dgameengine\2dgameengine\debug\gameobjectrenderer.obj
c:\users\wiebe\documents\github\gameengine2d\2dgameengine\2dgameengine\debug\gameobject.obj
c:\users\wiebe\documents\github\gameengine2d\2dgameengine\2dgameengine\debug\gamemanager.obj
c:\users\wiebe\documents\github\gameengine2d\2dgameengine\2dgameengine\debug\game.obj
c:\users\wiebe\documents\github\gameengine2d\2dgameengine\2dgameengine\debug\camera.obj
c:\users\wiebe\documents\github\gameengine2d\2dgameengine\2dgameengine\debug\renderable2d.obj
c:\users\wiebe\documents\github\gameengine2d\2dgameengine\2dgameengine\debug\sprite2d.obj
c:\users\wiebe\documents\github\gameengine2d\2dgameengine\2dgameengine\debug\basesprite.obj
c:\users\wiebe\documents\github\gameengine2d\2dgameengine\2dgameengine\debug\animation.obj
c:\users\wiebe\documents\github\gameengine2d\2dgameengine\2dgameengine\debug\animatable.obj
c:\users\wiebe\documents\github\gameengine2d\2dgameengine\2dgameengine\debug\gameinputmanager.obj
c:\users\wiebe\documents\github\gameengine2d\2dgameengine\2dgameengine\2dgameengine.exe
c:\users\wiebe\documents\github\gameengine2d\2dgameengine\2dgameengine\2dgameengine.ilk
c:\users\wiebe\documents\github\gameengine2d\2dgameengine\2dgameengine\2dgameengine.pdb
c:\users\wiebe\documents\github\gameengine2d\2dgameengine\2dgameengine\debug\gameobjectrenderer.obj.enc
c:\users\wiebe\documents\github\gameengine2d\2dgameengine\2dgameengine\debug\2dgameengine.tlog\cl.command.1.tlog
c:\users\wiebe\documents\github\gameengine2d\2dgameengine\2dgameengine\debug\2dgameengine.tlog\cl.read.1.tlog
c:\users\wiebe\documents\github\gameengine2d\2dgameengine\2dgameengine\debug\2dgameengine.tlog\cl.write.1.tlog
c:\users\wiebe\documents\github\gameengine2d\2dgameengine\2dgameengine\debug\2dgameengine.tlog\link.command.1.tlog
c:\users\wiebe\documents\github\gameengine2d\2dgameengine\2dgameengine\debug\2dgameengine.tlog\link.read.1.tlog
c:\users\wiebe\documents\github\gameengine2d\2dgameengine\2dgameengine\debug\2dgameengine.tlog\link.write.1.tlog
