  ActiveObject.cpp
  Game.cpp
c:\users\wiebe\documents\github\2dgameengine\2dgameengine\2dgameengine\libs.h(5): fatal error C1083: Cannot open include file: 'glew.h': No such file or directory
  GameObject.cpp
  GameObjectManager.cpp
  main.cpp
c:\users\wiebe\documents\github\2dgameengine\2dgameengine\2dgameengine\libs.h(5): fatal error C1083: Cannot open include file: 'glew.h': No such file or directory
  Mesh.cpp
c:\users\wiebe\documents\github\2dgameengine\2dgameengine\2dgameengine\shader.h(4): fatal error C1083: Cannot open include file: 'glew.h': No such file or directory
  Renderable2D.cpp
c:\users\wiebe\documents\github\2dgameengine\2dgameengine\2dgameengine\sprite.h(3): fatal error C1083: Cannot open include file: 'SOIL2.h': No such file or directory
  Shader.cpp
c:\users\wiebe\documents\github\2dgameengine\2dgameengine\2dgameengine\shader.h(4): fatal error C1083: Cannot open include file: 'glew.h': No such file or directory
  Sprite.cpp
c:\users\wiebe\documents\github\2dgameengine\2dgameengine\2dgameengine\sprite.h(3): fatal error C1083: Cannot open include file: 'SOIL2.h': No such file or directory
  SpriteSet.cpp
  TileMap.cpp
  Window.cpp
c:\users\wiebe\documents\github\2dgameengine\2dgameengine\2dgameengine\window.h(5): fatal error C1083: Cannot open include file: 'glew.h': No such file or directory
  Generating Code...
