c:\users\wiebe\documents\github\gameengine2d\2dgameengine\release\2dgameengine.ipdb
c:\users\wiebe\documents\github\gameengine2d\2dgameengine\release\2dgameengine.iobj
c:\users\wiebe\documents\github\gameengine2d\2dgameengine\2dgameengine\release\vc141.pdb
c:\users\wiebe\documents\github\gameengine2d\2dgameengine\2dgameengine\release\window.obj
c:\users\wiebe\documents\github\gameengine2d\2dgameengine\2dgameengine\release\tilemap.obj
c:\users\wiebe\documents\github\gameengine2d\2dgameengine\2dgameengine\release\spriteatlas.obj
c:\users\wiebe\documents\github\gameengine2d\2dgameengine\2dgameengine\release\sprite.obj
c:\users\wiebe\documents\github\gameengine2d\2dgameengine\2dgameengine\release\shader.obj
c:\users\wiebe\documents\github\gameengine2d\2dgameengine\2dgameengine\release\scene.obj
c:\users\wiebe\documents\github\gameengine2d\2dgameengine\2dgameengine\release\renderer2d.obj
c:\users\wiebe\documents\github\gameengine2d\2dgameengine\2dgameengine\release\renderable2d.obj
c:\users\wiebe\documents\github\gameengine2d\2dgameengine\2dgameengine\release\main.obj
c:\users\wiebe\documents\github\gameengine2d\2dgameengine\2dgameengine\release\gameobjectmanager.obj
c:\users\wiebe\documents\github\gameengine2d\2dgameengine\2dgameengine\release\gameobject.obj
c:\users\wiebe\documents\github\gameengine2d\2dgameengine\2dgameengine\release\game.obj
c:\users\wiebe\documents\github\gameengine2d\2dgameengine\2dgameengine\release\camera.obj
c:\users\wiebe\documents\github\gameengine2d\2dgameengine\release\2dgameengine.exe
c:\users\wiebe\documents\github\gameengine2d\2dgameengine\release\2dgameengine.pdb
c:\users\wiebe\documents\github\gameengine2d\2dgameengine\2dgameengine\release\2dgameengine.tlog\2dgameengine.write.1u.tlog
c:\users\wiebe\documents\github\gameengine2d\2dgameengine\2dgameengine\release\2dgameengine.tlog\cl.command.1.tlog
c:\users\wiebe\documents\github\gameengine2d\2dgameengine\2dgameengine\release\2dgameengine.tlog\cl.read.1.tlog
c:\users\wiebe\documents\github\gameengine2d\2dgameengine\2dgameengine\release\2dgameengine.tlog\cl.write.1.tlog
c:\users\wiebe\documents\github\gameengine2d\2dgameengine\2dgameengine\release\2dgameengine.tlog\link.command.1.tlog
c:\users\wiebe\documents\github\gameengine2d\2dgameengine\2dgameengine\release\2dgameengine.tlog\link.read.1.tlog
c:\users\wiebe\documents\github\gameengine2d\2dgameengine\2dgameengine\release\2dgameengine.tlog\link.write.1.tlog
